<?xml version="1.0" encoding="UTF-8"?>
<testng-results skipped="0" failed="0" ignored="0" total="1" passed="1">
  <reporter-output>
  </reporter-output>
  <suite name="Default suite" duration-ms="28422" started-at="2022-11-11T22:58:10 GST" finished-at="2022-11-11T22:58:39 GST">
    <groups>
      <group name="cucumber">
        <method signature="AbstractTestNGCucumberTests.runScenario(io.cucumber.testng.PickleWrapper,io.cucumber.testng.FeatureWrapper)[pri:0, instance:testRunner.testRun$TestRunner@45efd90f]" name="runScenario" class="io.cucumber.testng.AbstractTestNGCucumberTests"/>
      </group> <!-- cucumber -->
    </groups>
    <test name="Default test" duration-ms="28422" started-at="2022-11-11T22:58:10 GST" finished-at="2022-11-11T22:58:39 GST">
      <class name="testRunner.testRun$TestRunner">
        <test-method status="PASS" signature="setUpClass(org.testng.ITestContext)[pri:0, instance:testRunner.testRun$TestRunner@45efd90f]" name="setUpClass" is-config="true" duration-ms="21" started-at="2022-11-11T22:58:10 GST" finished-at="2022-11-11T22:58:10 GST">
          <params>
            <param index="0">
              <value>
                <![CDATA[org.testng.TestRunner@62ce72ff]]>
              </value>
            </param>
          </params>
          <reporter-output>
          </reporter-output>
        </test-method> <!-- setUpClass -->
        <test-method status="PASS" signature="runScenario(io.cucumber.testng.PickleWrapper,io.cucumber.testng.FeatureWrapper)[pri:0, instance:testRunner.testRun$TestRunner@45efd90f]" name="runScenario" duration-ms="28295" started-at="2022-11-11T22:58:10 GST" description="Runs Cucumber Scenarios" data-provider="scenarios" finished-at="2022-11-11T22:58:39 GST">
          <params>
            <param index="0">
              <value>
                <![CDATA["Login Validation"]]>
              </value>
            </param>
            <param index="1">
              <value>
                <![CDATA["Login flow test for saucedemo project"]]>
              </value>
            </param>
          </params>
          <reporter-output>
          </reporter-output>
        </test-method> <!-- runScenario -->
        <test-method status="PASS" signature="tearDownClass()[pri:0, instance:testRunner.testRun$TestRunner@45efd90f]" name="tearDownClass" is-config="true" duration-ms="71" started-at="2022-11-11T22:58:39 GST" finished-at="2022-11-11T22:58:39 GST">
          <reporter-output>
          </reporter-output>
        </test-method> <!-- tearDownClass -->
      </class> <!-- testRunner.testRun$TestRunner -->
    </test> <!-- Default test -->
  </suite> <!-- Default suite -->
</testng-results>
